SF:lib/features/predictions/cycle_predictor.dart
DA:4,4
DA:36,4
DA:52,4
DA:56,16
DA:58,4
DA:59,4
DA:60,11
DA:62,8
DA:63,12
DA:64,4
DA:65,4
DA:66,4
DA:68,4
DA:76,4
DA:77,4
DA:83,1
DA:84,1
DA:85,4
DA:86,1
DA:87,4
DA:88,1
DA:91,4
DA:92,12
DA:93,1
DA:94,3
DA:95,4
DA:97,5
DA:98,4
DA:101,4
DA:102,1
DA:103,4
DA:105,5
DA:106,2
DA:109,4
DA:110,8
DA:111,1
DA:112,3
DA:113,4
DA:115,5
DA:117,9
DA:118,1
DA:119,1
DA:120,2
DA:123,1
DA:124,1
DA:125,3
DA:126,6
DA:131,20
LF:48
LH:48
end_of_record
SF:lib/features/reminders/reminder_models.dart
DA:6,0
DA:7,0
DA:11,2
LF:3
LH:1
end_of_record
SF:lib/features/reminders/reminder_scheduling.dart
DA:7,2
DA:13,1
DA:18,1
DA:20,1
DA:21,1
DA:22,2
DA:23,2
DA:25,1
DA:26,1
DA:27,1
DA:28,1
DA:29,1
DA:30,1
DA:32,1
DA:34,1
DA:35,0
DA:37,1
DA:38,1
DA:39,1
DA:40,1
DA:41,1
DA:42,1
DA:44,2
LF:23
LH:22
end_of_record
SF:lib/data/db/app_database.g.dart
DA:10,1
DA:13,2
DA:14,1
DA:19,1
DA:23,2
DA:24,1
DA:29,2
DA:30,1
DA:34,2
DA:35,1
DA:37,1
DA:38,5
DA:39,1
DA:40,2
DA:41,1
DA:44,1
DA:47,1
DA:48,1
DA:49,1
DA:50,0
DA:52,1
DA:53,1
DA:54,3
DA:56,0
DA:58,1
DA:59,0
DA:60,0
DA:62,1
DA:63,0
DA:64,0
DA:69,1
DA:70,1
DA:71,1
DA:73,0
DA:74,1
DA:75,2
DA:76,3
DA:77,2
DA:78,3
DA:79,2
DA:80,3
DA:81,2
DA:82,3
DA:86,0
DA:88,0
DA:97,3
DA:99,0
DA:101,0
DA:102,0
DA:103,0
DA:104,0
DA:105,0
DA:107,0
DA:108,0
DA:113,0
DA:114,0
DA:115,0
DA:116,0
DA:117,0
DA:119,0
DA:121,0
DA:125,0
DA:127,0
DA:128,0
DA:129,0
DA:130,0
DA:131,0
DA:132,0
DA:135,0
DA:137,0
DA:138,0
DA:139,0
DA:140,0
DA:141,0
DA:142,0
DA:146,0
DA:151,0
DA:152,0
DA:153,0
DA:154,0
DA:155,0
DA:157,0
DA:158,0
DA:159,0
DA:160,0
DA:161,0
DA:162,0
DA:166,0
DA:168,0
DA:169,0
DA:170,0
DA:171,0
DA:172,0
DA:173,0
DA:174,0
DA:177,0
DA:178,0
DA:179,0
DA:182,0
DA:183,0
DA:184,0
DA:185,0
DA:186,0
DA:194,0
DA:200,1
DA:205,1
DA:206,0
DA:212,0
DA:213,0
DA:214,0
DA:215,0
DA:216,0
DA:220,0
DA:225,0
DA:226,0
DA:227,0
DA:228,0
DA:229,0
DA:233,1
DA:235,1
DA:236,2
DA:237,0
DA:239,2
DA:240,4
DA:242,2
DA:243,0
DA:245,2
DA:246,0
DA:251,0
DA:253,0
DA:254,0
DA:255,0
DA:256,0
DA:257,0
DA:258,0
DA:259,0
DA:268,1
DA:271,2
DA:272,1
DA:277,1
DA:280,2
DA:281,1
DA:284,1
DA:287,2
DA:288,1
DA:292,2
DA:293,1
DA:297,2
DA:298,1
DA:302,2
DA:303,1
DA:305,1
DA:306,7
DA:307,1
DA:308,2
DA:309,1
DA:312,1
DA:315,1
DA:316,1
DA:317,1
DA:318,0
DA:320,1
DA:321,1
DA:322,3
DA:324,0
DA:326,1
DA:327,1
DA:328,3
DA:330,1
DA:331,0
DA:332,0
DA:334,1
DA:335,1
DA:336,3
DA:338,1
DA:339,0
DA:340,0
DA:345,1
DA:346,1
DA:347,1
DA:349,0
DA:350,1
DA:351,2
DA:352,3
DA:353,2
DA:354,3
DA:355,2
DA:356,3
DA:357,2
DA:358,3
DA:359,2
DA:360,3
DA:361,2
DA:362,3
DA:366,1
DA:368,2
DA:379,1
DA:386,0
DA:388,0
DA:389,0
DA:390,0
DA:391,0
DA:392,0
DA:394,0
DA:395,0
DA:397,0
DA:398,0
DA:400,0
DA:401,0
DA:406,0
DA:407,0
DA:408,0
DA:409,0
DA:410,0
DA:412,0
DA:413,0
DA:415,0
DA:419,0
DA:421,0
DA:422,0
DA:423,0
DA:424,0
DA:425,0
DA:426,0
DA:427,0
DA:428,0
DA:431,0
DA:433,0
DA:434,0
DA:435,0
DA:436,0
DA:437,0
DA:438,0
DA:439,0
DA:440,0
DA:444,0
DA:451,0
DA:452,0
DA:453,0
DA:454,0
DA:455,0
DA:456,0
DA:457,0
DA:459,0
DA:460,0
DA:461,0
DA:462,0
DA:463,0
DA:464,0
DA:465,0
DA:466,0
DA:470,0
DA:472,0
DA:473,0
DA:474,0
DA:475,0
DA:476,0
DA:477,0
DA:478,0
DA:479,0
DA:480,0
DA:483,0
DA:484,0
DA:485,0
DA:488,0
DA:489,0
DA:490,0
DA:491,0
DA:492,0
DA:493,0
DA:494,0
DA:504,0
DA:512,1
DA:519,1
DA:520,0
DA:528,0
DA:529,0
DA:530,0
DA:531,0
DA:532,0
DA:533,0
DA:534,0
DA:538,0
DA:545,0
DA:546,0
DA:547,0
DA:548,0
DA:549,0
DA:550,0
DA:551,0
DA:555,1
DA:557,1
DA:558,2
DA:559,0
DA:561,2
DA:562,4
DA:564,2
DA:565,4
DA:567,2
DA:568,0
DA:570,2
DA:571,4
DA:573,2
DA:574,0
DA:579,0
DA:581,0
DA:582,0
DA:583,0
DA:584,0
DA:585,0
DA:586,0
DA:587,0
DA:588,0
DA:589,0
DA:597,1
DA:600,2
DA:601,1
DA:606,1
DA:610,2
DA:611,1
DA:614,1
DA:618,2
DA:619,1
DA:624,2
DA:625,1
DA:629,1
DA:630,5
DA:631,1
DA:632,2
DA:633,1
DA:636,1
DA:639,1
DA:640,1
DA:641,1
DA:642,0
DA:644,1
DA:645,1
DA:647,2
DA:648,1
DA:650,0
DA:652,1
DA:653,1
DA:654,3
DA:656,0
DA:658,1
DA:659,0
DA:660,0
DA:665,1
DA:666,1
DA:667,1
DA:669,0
DA:670,1
DA:671,2
DA:672,3
DA:673,2
DA:674,3
DA:675,2
DA:676,3
DA:677,2
DA:678,3
DA:682,0
DA:684,0
DA:693,1
DA:698,0
DA:700,0
DA:701,0
DA:702,0
DA:703,0
DA:704,0
DA:708,0
DA:709,0
DA:710,0
DA:711,0
DA:712,0
DA:713,0
DA:717,0
DA:719,0
DA:720,0
DA:721,0
DA:722,0
DA:723,0
DA:724,0
DA:727,0
DA:729,0
DA:730,0
DA:731,0
DA:732,0
DA:733,0
DA:734,0
DA:738,0
DA:739,0
DA:740,0
DA:741,0
DA:742,0
DA:743,0
DA:745,0
DA:746,0
DA:747,0
DA:749,0
DA:750,0
DA:751,0
DA:755,0
DA:757,0
DA:758,0
DA:759,0
DA:760,0
DA:761,0
DA:762,0
DA:763,0
DA:766,0
DA:767,0
DA:768,0
DA:771,0
DA:772,0
DA:773,0
DA:774,0
DA:775,0
DA:783,0
DA:789,1
DA:794,1
DA:795,1
DA:796,0
DA:802,0
DA:803,0
DA:804,0
DA:805,0
DA:806,0
DA:810,0
DA:815,0
DA:816,0
DA:817,0
DA:818,0
DA:819,0
DA:823,1
DA:825,1
DA:826,2
DA:827,0
DA:829,2
DA:830,4
DA:832,2
DA:833,4
DA:835,2
DA:836,0
DA:841,0
DA:843,0
DA:844,0
DA:845,0
DA:846,0
DA:847,0
DA:848,0
DA:849,0
DA:858,1
DA:861,2
DA:862,1
DA:866,2
DA:867,1
DA:869,1
DA:870,3
DA:871,1
DA:872,2
DA:873,1
DA:876,1
DA:879,1
DA:880,1
DA:881,1
DA:882,1
DA:883,3
DA:885,0
DA:887,1
DA:888,1
DA:889,3
DA:891,0
DA:896,1
DA:897,1
DA:898,1
DA:900,0
DA:901,1
DA:902,2
DA:903,3
DA:904,2
DA:905,3
DA:909,1
DA:911,2
DA:918,1
DA:919,0
DA:921,0
DA:922,0
DA:923,0
DA:927,0
DA:928,0
DA:929,0
DA:930,0
DA:934,0
DA:936,0
DA:937,0
DA:938,0
DA:939,0
DA:942,0
DA:944,0
DA:945,0
DA:946,0
DA:947,0
DA:951,0
DA:952,0
DA:953,0
DA:955,0
DA:956,0
DA:957,0
DA:958,0
DA:962,0
DA:964,0
DA:965,0
DA:966,0
DA:967,0
DA:968,0
DA:971,0
DA:972,0
DA:973,0
DA:976,0
DA:977,0
DA:978,0
DA:985,0
DA:990,1
DA:994,1
DA:995,1
DA:996,0
DA:1001,0
DA:1002,0
DA:1003,0
DA:1004,0
DA:1008,0
DA:1010,0
DA:1011,0
DA:1012,0
DA:1013,0
DA:1017,1
DA:1019,1
DA:1020,2
DA:1021,4
DA:1023,2
DA:1024,4
DA:1026,2
DA:1027,0
DA:1032,0
DA:1034,0
DA:1035,0
DA:1036,0
DA:1037,0
DA:1038,0
DA:1039,0
DA:1048,1
DA:1051,2
DA:1052,1
DA:1057,1
DA:1060,2
DA:1061,1
DA:1065,2
DA:1066,1
DA:1070,2
DA:1071,1
DA:1076,2
DA:1077,1
DA:1084,2
DA:1085,1
DA:1089,1
DA:1091,1
DA:1093,7
DA:1094,1
DA:1095,2
DA:1096,1
DA:1099,1
DA:1102,1
DA:1103,1
DA:1104,1
DA:1105,0
DA:1107,1
DA:1108,1
DA:1109,3
DA:1111,0
DA:1113,1
DA:1114,1
DA:1115,3
DA:1117,0
DA:1119,1
DA:1120,1
DA:1121,3
DA:1123,0
DA:1125,1
DA:1126,1
DA:1128,2
DA:1129,1
DA:1131,1
DA:1132,0
DA:1133,0
DA:1138,1
DA:1139,1
DA:1140,1
DA:1142,0
DA:1143,1
DA:1144,2
DA:1145,3
DA:1146,2
DA:1147,3
DA:1148,2
DA:1149,3
DA:1150,2
DA:1151,3
DA:1152,2
DA:1153,3
DA:1154,2
DA:1155,3
DA:1159,1
DA:1161,2
DA:1172,1
DA:1179,0
DA:1181,0
DA:1182,0
DA:1183,0
DA:1184,0
DA:1185,0
DA:1186,0
DA:1187,0
DA:1191,0
DA:1192,0
DA:1193,0
DA:1194,0
DA:1195,0
DA:1196,0
DA:1197,0
DA:1198,0
DA:1202,0
DA:1204,0
DA:1205,0
DA:1206,0
DA:1207,0
DA:1208,0
DA:1209,0
DA:1210,0
DA:1211,0
DA:1214,0
DA:1216,0
DA:1217,0
DA:1218,0
DA:1219,0
DA:1220,0
DA:1221,0
DA:1222,0
DA:1223,0
DA:1227,0
DA:1234,0
DA:1235,0
DA:1236,0
DA:1237,0
DA:1238,0
DA:1239,0
DA:1240,0
DA:1242,0
DA:1243,0
DA:1244,0
DA:1245,0
DA:1246,0
DA:1247,0
DA:1249,0
DA:1250,0
DA:1254,0
DA:1256,0
DA:1257,0
DA:1258,0
DA:1259,0
DA:1260,0
DA:1261,0
DA:1262,0
DA:1263,0
DA:1264,0
DA:1267,0
DA:1268,0
DA:1269,0
DA:1272,0
DA:1273,0
DA:1274,0
DA:1275,0
DA:1276,0
DA:1277,0
DA:1278,0
DA:1288,0
DA:1296,1
DA:1303,1
DA:1304,1
DA:1305,1
DA:1306,0
DA:1314,0
DA:1315,0
DA:1316,0
DA:1317,0
DA:1318,0
DA:1319,0
DA:1320,0
DA:1324,0
DA:1331,0
DA:1332,0
DA:1333,0
DA:1334,0
DA:1335,0
DA:1336,0
DA:1337,0
DA:1341,1
DA:1343,1
DA:1344,2
DA:1345,0
DA:1347,2
DA:1348,4
DA:1350,2
DA:1351,4
DA:1353,2
DA:1354,4
DA:1356,2
DA:1357,4
DA:1359,2
DA:1360,0
DA:1365,0
DA:1367,0
DA:1368,0
DA:1369,0
DA:1370,0
DA:1371,0
DA:1372,0
DA:1373,0
DA:1374,0
DA:1375,0
DA:1380,2
DA:1381,0
DA:1382,2
DA:1383,2
DA:1384,2
DA:1385,2
DA:1386,2
DA:1387,2
DA:1388,2
DA:1389,2
DA:1390,2
DA:1391,0
DA:1393,0
DA:1394,1
DA:1396,6
DA:1397,1
DA:1426,0
DA:1433,0
DA:1434,0
DA:1436,0
DA:1437,0
DA:1439,0
DA:1440,0
DA:1442,0
DA:1443,0
DA:1448,0
DA:1455,0
DA:1456,0
DA:1458,0
DA:1459,0
DA:1461,0
DA:1462,0
DA:1464,0
DA:1465,0
DA:1470,0
DA:1477,0
DA:1478,0
DA:1480,0
DA:1481,0
DA:1483,0
DA:1484,0
DA:1486,0
DA:1487,0
DA:1502,0
DA:1503,0
DA:1506,0
DA:1507,0
DA:1508,0
DA:1509,0
DA:1510,0
DA:1511,0
DA:1512,0
DA:1518,0
DA:1524,0
DA:1530,0
DA:1536,0
DA:1537,0
DA:1538,0
DA:1574,0
DA:1576,0
DA:1578,0
DA:1580,0
DA:1582,0
DA:1583,0
DA:1584,0
DA:1586,0
DA:1587,0
DA:1588,0
DA:1594,0
DA:1601,0
DA:1602,0
DA:1604,0
DA:1605,0
DA:1607,0
DA:1608,0
DA:1610,0
DA:1611,0
DA:1613,0
DA:1614,0
DA:1616,0
DA:1617,0
DA:1619,0
DA:1621,0
DA:1623,0
DA:1624,0
DA:1625,0
DA:1626,0
DA:1629,0
DA:1630,0
DA:1631,0
DA:1637,0
DA:1643,0
DA:1650,0
DA:1651,0
DA:1653,0
DA:1654,0
DA:1656,0
DA:1657,0
DA:1659,0
DA:1660,0
DA:1662,0
DA:1663,0
DA:1665,0
DA:1666,0
DA:1671,0
DA:1678,0
DA:1679,0
DA:1681,0
DA:1682,0
DA:1684,0
DA:1685,0
DA:1687,0
DA:1688,0
DA:1690,0
DA:1691,0
DA:1693,0
DA:1694,0
DA:1696,0
DA:1698,0
DA:1700,0
DA:1701,0
DA:1702,0
DA:1703,0
DA:1706,0
DA:1707,0
DA:1708,0
DA:1714,0
DA:1730,0
DA:1731,0
DA:1734,0
DA:1735,0
DA:1736,0
DA:1737,0
DA:1738,0
DA:1739,0
DA:1740,0
DA:1748,0
DA:1756,0
DA:1764,0
DA:1772,0
DA:1773,0
DA:1774,0
DA:1775,0
DA:1777,0
DA:1778,0
DA:1779,0
DA:1781,0
DA:1783,0
DA:1784,0
DA:1786,0
DA:1790,0
DA:1791,0
DA:1792,0
DA:1793,0
DA:1795,0
DA:1796,0
DA:1832,0
DA:1834,0
DA:1835,0
DA:1836,0
DA:1838,0
DA:1839,0
DA:1841,0
DA:1842,0
DA:1843,0
DA:1845,0
DA:1846,0
DA:1852,0
DA:1859,0
DA:1860,0
DA:1862,0
DA:1863,0
DA:1865,0
DA:1866,0
DA:1868,0
DA:1869,0
DA:1871,0
DA:1872,0
DA:1873,0
DA:1874,0
DA:1877,0
DA:1878,0
DA:1879,0
DA:1891,0
DA:1898,0
DA:1899,0
DA:1901,0
DA:1902,0
DA:1904,0
DA:1905,0
DA:1907,0
DA:1908,0
DA:1910,0
DA:1911,0
DA:1912,0
DA:1913,0
DA:1916,0
DA:1917,0
DA:1918,0
DA:1930,0
DA:1937,0
DA:1938,0
DA:1940,0
DA:1941,0
DA:1943,0
DA:1944,0
DA:1946,0
DA:1947,0
DA:1949,0
DA:1950,0
DA:1951,0
DA:1952,0
DA:1955,0
DA:1956,0
DA:1957,0
DA:1979,0
DA:1980,0
DA:1983,0
DA:1984,0
DA:1985,0
DA:1986,0
DA:1987,0
DA:1988,0
DA:1989,0
DA:1995,0
DA:2001,0
DA:2007,0
DA:2013,0
DA:2014,0
DA:2015,0
DA:2016,0
DA:2017,0
DA:2018,0
DA:2020,0
DA:2033,0
DA:2035,0
DA:2037,0
DA:2039,0
DA:2041,0
DA:2047,0
DA:2048,0
DA:2082,0
DA:2089,0
DA:2090,0
DA:2092,0
DA:2093,0
DA:2098,0
DA:2105,0
DA:2106,0
DA:2108,0
DA:2109,0
DA:2114,0
DA:2121,0
DA:2122,0
DA:2124,0
DA:2125,0
DA:2140,0
DA:2141,0
DA:2144,0
DA:2145,0
DA:2146,0
DA:2147,0
DA:2148,0
DA:2149,0
DA:2150,0
DA:2155,0
DA:2160,0
DA:2165,0
DA:2170,0
DA:2171,0
DA:2172,0
DA:2208,0
DA:2215,0
DA:2216,0
DA:2218,0
DA:2219,0
DA:2221,0
DA:2222,0
DA:2224,0
DA:2225,0
DA:2227,0
DA:2228,0
DA:2230,0
DA:2231,0
DA:2236,0
DA:2243,0
DA:2244,0
DA:2246,0
DA:2247,0
DA:2249,0
DA:2250,0
DA:2252,0
DA:2253,0
DA:2255,0
DA:2256,0
DA:2258,0
DA:2259,0
DA:2264,0
DA:2271,0
DA:2272,0
DA:2274,0
DA:2275,0
DA:2277,0
DA:2278,0
DA:2280,0
DA:2281,0
DA:2283,0
DA:2284,0
DA:2286,0
DA:2287,0
DA:2302,0
DA:2303,0
DA:2306,0
DA:2307,0
DA:2308,0
DA:2309,0
DA:2310,0
DA:2311,0
DA:2312,0
DA:2320,0
DA:2328,0
DA:2336,0
DA:2344,0
DA:2345,0
DA:2346,0
DA:2366,0
DA:2367,0
DA:2368,0
DA:2369,0
DA:2370,0
DA:2371,0
DA:2372,0
DA:2373,0
DA:2374,0
DA:2375,0
DA:2376,0
LF:1065
LH:291
end_of_record
SF:lib/data/db/app_database.dart
DA:24,0
DA:27,3
DA:29,1
DA:32,1
DA:33,1
DA:34,1
DA:35,1
DA:44,0
DA:45,0
DA:46,0
DA:49,0
DA:50,0
DA:51,0
DA:53,0
DA:55,0
DA:57,0
DA:59,0
DA:62,0
DA:65,0
LF:19
LH:6
end_of_record
SF:lib/features/calendar/day_classifier.dart
DA:15,2
DA:27,2
DA:28,8
DA:30,3
DA:32,7
DA:33,1
DA:34,7
DA:35,0
DA:36,2
DA:39,6
DA:40,3
DA:43,6
DA:44,6
DA:45,6
DA:49,4
DA:54,2
DA:55,18
LF:17
LH:16
end_of_record
SF:lib/data/db/daos/cycle_dao.g.dart
DA:7,3
LF:1
LH:1
end_of_record
SF:lib/data/db/daos/cycle_dao.dart
DA:10,1
DA:12,1
DA:13,8
DA:15,0
DA:16,0
DA:18,3
DA:19,5
DA:20,1
DA:21,1
DA:23,4
DA:25,0
DA:27,0
DA:28,0
LF:13
LH:8
end_of_record
SF:lib/data/db/daos/daily_log_dao.g.dart
DA:7,3
DA:8,3
LF:2
LH:2
end_of_record
SF:lib/data/db/daos/daily_log_dao.dart
DA:11,1
DA:13,1
DA:14,4
DA:15,6
DA:16,1
DA:19,0
DA:20,0
DA:21,0
DA:22,0
DA:23,0
DA:26,4
DA:28,1
DA:29,1
DA:30,3
DA:34,1
DA:35,7
DA:37,1
DA:38,3
DA:40,0
DA:41,0
LF:20
LH:13
end_of_record
SF:lib/data/db/daos/reminders_dao.dart
DA:11,1
DA:13,4
DA:15,0
DA:17,1
DA:18,3
DA:20,1
DA:21,7
LF:7
LH:6
end_of_record
SF:lib/data/db/daos/reminders_dao.g.dart
DA:7,3
LF:1
LH:1
end_of_record
SF:lib/data/db/daos/settings_dao.g.dart
DA:7,3
LF:1
LH:1
end_of_record
SF:lib/data/db/daos/settings_dao.dart
DA:11,1
DA:13,1
DA:14,6
DA:15,1
DA:16,1
DA:19,1
DA:20,3
DA:21,1
DA:24,1
DA:25,7
LF:10
LH:10
end_of_record
SF:lib/data/db/tables.dart
DA:4,0
DA:5,0
DA:6,0
DA:7,0
DA:11,0
DA:12,0
DA:13,0
DA:14,0
DA:15,0
DA:16,0
DA:20,0
DA:21,0
DA:22,0
DA:23,0
DA:24,0
DA:28,0
DA:29,0
DA:31,0
DA:32,0
DA:36,0
DA:37,0
DA:38,0
DA:39,0
DA:40,0
DA:41,0
LF:25
LH:0
end_of_record
SF:lib/features/onboarding/onboarding_page.dart
DA:9,2
DA:10,2
DA:11,2
DA:14,1
DA:15,1
DA:16,1
DA:20,1
DA:23,1
DA:24,1
DA:49,1
DA:50,4
DA:51,2
DA:56,0
DA:60,0
DA:61,0
DA:62,0
DA:63,0
DA:64,0
DA:65,0
DA:70,0
DA:71,0
DA:72,0
DA:75,0
DA:76,0
DA:82,0
DA:83,0
DA:84,0
DA:85,0
DA:88,0
DA:91,1
DA:93,1
DA:94,1
DA:95,1
DA:96,1
DA:97,1
DA:98,1
DA:99,1
DA:100,1
DA:101,4
DA:102,3
DA:105,1
DA:107,1
DA:108,3
DA:109,1
DA:113,1
DA:114,2
DA:116,3
DA:123,1
DA:125,1
DA:127,1
DA:128,1
DA:129,1
DA:130,4
DA:143,2
DA:154,1
DA:157,1
DA:159,1
DA:160,1
DA:162,1
DA:164,1
DA:165,3
DA:167,1
DA:168,2
DA:169,3
DA:175,1
DA:176,2
DA:178,2
LF:67
LH:50
end_of_record
SF:lib/features/security/pin_hasher.dart
DA:11,3
DA:15,1
DA:16,1
DA:17,1
DA:19,1
DA:22,4
DA:25,1
DA:26,1
DA:27,2
DA:28,2
DA:30,2
DA:31,1
DA:32,1
DA:33,1
DA:38,2
DA:41,1
DA:47,1
DA:48,2
DA:49,1
DA:51,2
DA:52,3
DA:53,2
DA:54,4
DA:55,5
DA:56,5
DA:57,4
DA:59,3
DA:60,1
DA:61,2
DA:62,3
DA:63,3
DA:64,3
DA:67,1
DA:69,3
DA:72,1
DA:73,3
DA:75,3
DA:76,4
DA:78,1
LF:39
LH:39
end_of_record
SF:lib/core/theme/warm_palette.dart
DA:4,0
LF:1
LH:0
end_of_record
SF:lib/features/security/pin_setup_page.dart
DA:8,3
DA:10,0
DA:11,0
DA:20,0
DA:21,0
DA:22,0
DA:23,0
DA:26,0
DA:27,0
DA:30,0
DA:31,0
DA:32,0
DA:33,0
DA:36,0
DA:38,0
DA:39,0
DA:40,0
DA:43,0
DA:45,0
DA:46,0
DA:47,0
DA:49,0
DA:50,0
DA:51,0
DA:53,0
DA:54,0
DA:56,0
DA:57,0
DA:58,0
DA:61,0
DA:62,0
DA:63,0
DA:64,0
DA:72,0
DA:73,0
DA:77,0
DA:78,0
DA:79,0
DA:81,0
LF:39
LH:1
end_of_record
SF:lib/features/security/lock_controller.dart
DA:15,2
DA:25,0
DA:26,0
DA:27,0
DA:28,0
DA:29,0
DA:40,1
DA:51,1
DA:53,1
DA:59,0
DA:60,0
DA:61,0
DA:62,0
DA:64,0
DA:69,0
DA:70,0
DA:71,0
DA:72,0
DA:74,0
DA:75,0
DA:76,0
DA:79,0
DA:80,0
DA:82,0
DA:83,0
DA:87,0
DA:88,0
DA:89,0
DA:91,0
DA:98,0
DA:102,0
DA:103,0
DA:104,0
DA:107,0
DA:109,0
DA:110,0
DA:111,0
DA:112,0
DA:116,3
DA:117,0
DA:122,1
DA:131,1
DA:132,1
DA:139,1
DA:141,1
DA:142,2
DA:145,1
DA:147,2
DA:148,1
DA:151,0
DA:153,0
DA:154,0
DA:155,0
DA:156,0
DA:157,0
DA:158,0
DA:160,0
DA:161,0
DA:162,0
DA:164,0
DA:168,1
DA:169,2
LF:62
LH:16
end_of_record
SF:lib/core/theme/warm_theme.dart
DA:6,0
DA:8,4
DA:9,4
DA:11,2
DA:12,2
DA:17,2
DA:21,4
DA:22,2
DA:25,4
DA:26,2
DA:27,2
DA:30,2
DA:32,2
DA:34,4
DA:35,2
DA:38,4
DA:42,2
DA:43,2
DA:46,2
DA:47,2
DA:50,2
DA:51,2
DA:53,2
DA:54,2
DA:56,4
DA:61,2
DA:62,2
DA:64,2
DA:65,2
DA:69,2
DA:70,2
DA:71,2
DA:74,2
DA:75,2
DA:80,2
DA:82,2
DA:83,4
DA:84,2
DA:86,2
DA:87,2
DA:90,2
DA:91,2
LF:42
LH:41
end_of_record
SF:lib/features/insights/cycle_stats.dart
DA:4,1
DA:22,3
DA:27,2
DA:29,1
DA:30,1
DA:31,5
DA:33,1
DA:34,3
DA:35,1
DA:36,7
DA:40,1
DA:41,2
DA:42,1
DA:43,6
DA:47,1
DA:48,6
DA:50,1
DA:51,1
DA:54,1
DA:55,1
DA:56,4
DA:57,4
LF:22
LH:22
end_of_record
SF:lib/app.dart
DA:9,1
DA:11,1
DA:13,1
DA:16,1
DA:17,1
LF:5
LH:5
end_of_record
SF:lib/features/calendar/calendar_providers.dart
DA:10,3
DA:11,0
DA:15,4
DA:16,3
DA:17,2
DA:18,1
DA:19,1
DA:20,0
DA:21,0
DA:24,1
DA:26,1
LF:11
LH:8
end_of_record
SF:lib/features/onboarding/onboarding_gate.dart
DA:6,1
DA:9,1
DA:10,1
DA:16,1
DA:18,1
DA:19,3
DA:20,4
DA:24,1
DA:26,1
DA:29,1
DA:30,0
DA:31,0
DA:34,2
LF:13
LH:11
end_of_record
SF:lib/features/security/lock_gate.dart
DA:8,1
DA:11,1
DA:12,1
DA:18,1
DA:20,1
DA:21,2
DA:22,5
DA:23,4
DA:27,1
DA:29,1
DA:32,3
DA:33,1
DA:34,3
DA:40,1
DA:43,1
DA:44,1
DA:51,1
DA:53,1
DA:54,2
DA:57,1
DA:59,2
DA:60,1
DA:63,0
DA:65,0
DA:66,0
DA:67,0
DA:68,0
DA:72,1
DA:74,1
DA:75,1
DA:76,2
DA:77,1
DA:78,0
DA:79,0
LF:34
LH:27
end_of_record
SF:lib/features/shell/home_shell.dart
DA:8,1
DA:10,1
DA:11,1
DA:23,1
DA:25,1
DA:26,2
DA:27,1
DA:28,1
DA:29,0
LF:9
LH:8
end_of_record
SF:lib/core/widgets/section_header.dart
DA:4,4
DA:9,1
DA:11,1
DA:12,1
DA:14,1
DA:15,1
DA:16,1
DA:17,1
DA:18,1
DA:19,3
DA:21,2
DA:25,1
LF:12
LH:12
end_of_record
SF:lib/core/widgets/warm_card.dart
DA:4,1
DA:15,1
DA:17,2
DA:18,1
DA:19,1
DA:20,1
DA:21,1
DA:22,1
DA:23,1
DA:24,3
LF:10
LH:10
end_of_record
SF:lib/data/providers.dart
DA:8,0
DA:9,0
DA:12,0
DA:13,0
DA:16,0
DA:17,0
DA:20,0
DA:21,0
LF:8
LH:0
end_of_record
SF:lib/data/repositories/cycle_repository.dart
DA:6,0
DA:10,0
DA:11,0
DA:12,0
DA:13,0
DA:15,0
DA:20,0
DA:21,0
DA:22,0
DA:23,0
DA:24,0
DA:28,0
DA:30,0
DA:32,0
LF:14
LH:0
end_of_record
SF:lib/data/repositories/daily_log_repository.dart
DA:6,0
DA:10,0
DA:12,0
DA:13,0
DA:15,0
DA:22,0
DA:23,0
DA:24,0
DA:26,0
DA:27,0
DA:28,0
DA:29,0
DA:34,0
DA:35,0
DA:36,0
DA:37,0
DA:38,0
DA:43,0
DA:44,0
LF:19
LH:0
end_of_record
SF:lib/features/calendar/calendar_page.dart
DA:17,1
DA:19,1
DA:20,1
DA:27,1
DA:29,3
DA:30,3
DA:31,2
DA:33,1
DA:34,1
DA:35,1
DA:36,1
DA:37,0
DA:38,1
DA:39,1
DA:45,1
DA:47,1
DA:48,1
DA:50,1
DA:51,1
DA:52,1
DA:53,1
DA:54,1
DA:55,1
DA:56,1
DA:60,1
DA:64,4
DA:68,0
DA:69,0
DA:70,0
DA:71,0
DA:73,0
DA:75,0
DA:76,1
DA:77,1
DA:78,2
DA:79,2
DA:81,1
DA:84,0
DA:86,0
DA:94,1
DA:95,1
DA:97,1
DA:98,1
DA:104,7
DA:107,1
DA:113,7
DA:116,1
DA:121,3
DA:123,1
DA:125,0
DA:127,0
DA:128,0
DA:129,0
DA:131,0
DA:132,0
DA:133,0
DA:135,0
DA:138,0
DA:139,0
DA:142,0
DA:143,0
DA:144,0
DA:145,0
DA:146,0
DA:158,2
DA:163,1
DA:164,1
DA:166,3
DA:171,1
DA:172,1
DA:178,0
DA:179,0
DA:180,0
DA:181,0
DA:182,0
DA:184,0
DA:185,0
DA:186,0
DA:187,0
DA:191,0
DA:192,0
DA:198,0
DA:199,0
DA:200,0
DA:202,0
DA:206,1
DA:208,2
DA:209,1
DA:213,1
DA:220,1
DA:221,1
DA:222,1
DA:225,1
DA:227,1
DA:230,1
DA:231,1
DA:233,1
DA:234,4
DA:235,4
DA:243,1
DA:244,1
DA:245,1
DA:246,1
DA:249,1
DA:250,1
DA:253,3
DA:263,1
DA:275,1
DA:277,2
DA:278,2
DA:279,1
DA:280,0
DA:281,1
DA:282,2
DA:285,1
DA:286,1
DA:287,5
DA:289,1
DA:292,1
DA:298,1
DA:299,3
DA:300,4
DA:302,2
DA:310,1
DA:312,1
DA:314,1
DA:315,0
DA:316,1
DA:317,1
DA:318,1
DA:320,1
DA:321,0
DA:322,1
DA:323,1
DA:327,1
DA:329,1
DA:331,1
DA:333,1
DA:335,1
DA:337,1
DA:339,1
LF:141
LH:99
end_of_record
SF:lib/features/calendar/day_detail_sheet.dart
DA:19,0
DA:22,0
DA:23,0
DA:34,0
DA:36,0
DA:37,0
DA:40,0
DA:41,0
DA:42,0
DA:44,0
DA:45,0
DA:46,0
DA:47,0
DA:48,0
DA:49,0
DA:51,0
DA:54,0
DA:55,0
DA:56,0
DA:57,0
DA:58,0
DA:59,0
DA:60,0
DA:61,0
DA:63,0
DA:65,0
DA:67,0
DA:70,0
DA:72,0
DA:73,0
DA:74,0
DA:75,0
DA:76,0
DA:78,0
DA:80,0
DA:85,0
DA:87,0
DA:88,0
DA:89,0
DA:92,0
DA:93,0
DA:94,0
DA:99,0
DA:100,0
DA:101,0
DA:104,0
DA:105,0
DA:108,0
DA:109,0
DA:112,0
DA:113,0
DA:116,0
DA:117,0
DA:120,0
DA:121,0
DA:124,0
DA:125,0
DA:128,0
DA:130,0
DA:133,0
DA:134,0
DA:135,0
DA:136,0
DA:137,0
DA:138,0
DA:140,0
DA:142,0
DA:149,0
DA:151,0
DA:152,0
DA:155,0
DA:162,0
DA:163,0
DA:164,0
DA:165,0
DA:166,0
DA:171,0
DA:172,0
DA:173,0
DA:186,0
DA:192,0
DA:194,0
DA:195,0
DA:196,0
DA:197,0
DA:199,0
DA:202,0
LF:87
LH:0
end_of_record
SF:lib/features/insights/insights_page.dart
DA:14,1
DA:16,0
DA:18,0
DA:19,0
DA:21,0
DA:22,0
DA:23,0
DA:24,0
DA:25,0
DA:26,0
DA:27,0
DA:28,0
DA:29,0
DA:30,0
DA:32,0
DA:35,0
DA:40,0
DA:42,0
DA:44,0
DA:45,0
DA:46,0
DA:47,0
DA:50,0
DA:53,0
DA:56,0
DA:58,0
DA:61,0
DA:64,0
DA:72,0
DA:74,0
DA:76,0
DA:78,0
DA:89,0
DA:95,0
DA:96,0
DA:97,0
DA:98,0
DA:99,0
DA:101,0
DA:109,0
DA:112,0
DA:115,0
DA:117,0
DA:118,0
DA:120,0
DA:121,0
DA:125,0
DA:126,0
DA:136,0
DA:137,0
DA:139,0
DA:140,0
DA:141,0
DA:147,0
DA:148,0
DA:149,0
DA:151,0
DA:152,0
DA:153,0
DA:156,0
LF:60
LH:1
end_of_record
SF:lib/features/reminders/reminder_scheduler.dart
DA:13,0
DA:14,0
DA:19,0
DA:20,0
DA:21,0
DA:26,0
DA:27,0
DA:30,0
DA:35,0
DA:36,0
DA:38,0
DA:40,0
DA:41,0
DA:42,0
DA:48,0
DA:50,0
DA:51,0
DA:52,0
DA:69,0
DA:71,0
DA:73,0
DA:75,0
DA:80,0
DA:82,0
DA:84,0
DA:86,0
LF:26
LH:0
end_of_record
SF:lib/features/reminders/reminders_settings_page.dart
DA:13,0
DA:14,0
DA:17,0
DA:18,0
DA:22,1
DA:24,0
DA:26,0
DA:27,0
DA:28,0
DA:29,0
DA:30,0
DA:31,0
DA:32,0
DA:33,0
DA:34,0
DA:36,0
DA:38,0
DA:47,0
DA:50,0
DA:58,0
DA:61,0
DA:69,0
DA:78,0
DA:89,0
DA:90,0
DA:91,0
DA:92,0
DA:93,0
DA:94,0
DA:96,0
DA:97,0
DA:99,0
DA:103,0
DA:105,0
DA:106,0
DA:108,0
DA:109,0
DA:110,0
DA:113,0
DA:114,0
DA:118,0
DA:119,0
DA:120,0
DA:121,0
DA:122,0
DA:123,0
DA:124,0
DA:125,0
DA:129,0
DA:137,0
DA:138,0
DA:139,0
DA:140,0
DA:142,0
DA:143,0
DA:144,0
DA:145,0
DA:146,0
DA:147,0
DA:148,0
DA:151,0
DA:152,0
LF:62
LH:1
end_of_record
SF:lib/features/security/lock_screen.dart
DA:9,1
DA:11,0
DA:12,0
DA:20,0
DA:22,0
DA:23,0
DA:26,0
DA:27,0
DA:28,0
DA:29,0
DA:31,0
DA:38,0
DA:39,0
DA:40,0
DA:41,0
DA:42,0
DA:43,0
DA:44,0
DA:45,0
DA:46,0
DA:47,0
DA:51,0
DA:53,0
DA:54,0
DA:57,0
DA:59,0
DA:60,0
DA:61,0
DA:62,0
DA:64,0
DA:66,0
DA:67,0
DA:69,0
DA:71,0
DA:74,0
DA:75,0
DA:79,0
DA:80,0
DA:81,0
DA:84,0
DA:85,0
DA:88,0
DA:90,0
DA:93,0
DA:94,0
DA:95,0
DA:98,0
DA:99,0
LF:48
LH:1
end_of_record
SF:lib/features/security/security_settings_page.dart
DA:14,1
DA:16,0
DA:18,0
DA:19,0
DA:20,0
DA:21,0
DA:23,0
DA:25,0
DA:26,0
DA:27,0
DA:29,0
DA:30,0
DA:33,0
DA:34,0
DA:36,0
DA:37,0
DA:38,0
DA:39,0
DA:42,0
DA:43,0
DA:46,0
DA:56,0
DA:57,0
DA:58,0
DA:61,0
DA:62,0
DA:64,0
DA:67,0
DA:68,0
DA:69,0
DA:70,0
DA:71,0
DA:72,0
DA:80,0
DA:81,0
DA:82,0
DA:90,0
DA:91,0
DA:92,0
DA:105,0
DA:112,0
DA:113,0
DA:114,0
DA:115,0
DA:117,0
DA:118,0
DA:120,0
DA:121,0
DA:123,0
DA:125,0
DA:128,0
DA:137,0
DA:138,0
DA:139,0
DA:140,0
DA:141,0
DA:143,0
DA:144,0
DA:145,0
DA:146,0
DA:147,0
DA:148,0
DA:149,0
DA:150,0
DA:151,0
DA:154,0
DA:155,0
DA:156,0
DA:157,0
DA:158,0
DA:159,0
DA:160,0
DA:161,0
DA:162,0
DA:165,0
DA:166,0
DA:167,0
DA:168,0
DA:169,0
DA:170,0
DA:171,0
DA:176,0
DA:177,0
DA:178,0
DA:179,0
DA:184,0
DA:185,0
DA:187,0
DA:193,0
DA:194,0
DA:195,0
DA:198,0
DA:199,0
DA:205,0
DA:207,0
DA:209,0
DA:212,0
DA:213,0
DA:214,0
DA:217,0
DA:218,0
DA:219,0
DA:220,0
DA:221,0
DA:228,0
DA:230,0
DA:231,0
DA:232,0
DA:233,0
DA:234,0
DA:235,0
DA:236,0
DA:238,0
DA:239,0
DA:240,0
LF:115
LH:1
end_of_record
SF:lib/features/settings/settings_page.dart
DA:8,1
DA:10,0
DA:12,0
DA:13,0
DA:14,0
DA:16,0
DA:17,0
DA:18,0
DA:19,0
DA:20,0
DA:30,0
DA:31,0
DA:32,0
DA:33,0
DA:49,1
DA:59,0
DA:61,0
DA:62,0
DA:63,0
DA:65,0
DA:66,0
DA:68,0
DA:69,0
DA:71,0
LF:24
LH:2
end_of_record
